<?xml version="1.0" encoding="UTF-8"?>
<!-- Generated by org.testng.reporters.JUnitReportReporter -->
<testsuite hostname="DESKTOP-JOQNLEJ" failures="0" tests="3" name="practise.testng.AttributeOfDependsOnMethods" time="0.013" errors="0" timestamp="2024-06-04T14:16:10 IST" skipped="0">
  <testcase classname="practise.testng.AttributeOfDependsOnMethods" name="CreateOrder" time="0.011"/>
  <system-out/>
  <testcase classname="practise.testng.AttributeOfDependsOnMethods" name="BillOrder" time="0.001"/>
  <system-out/>
  <testcase classname="practise.testng.AttributeOfDependsOnMethods" name="PaymentOrder" time="0.001"/>
  <system-out/>
</testsuite> <!-- practise.testng.AttributeOfDependsOnMethods -->
