<?xml version="1.0" encoding="UTF-8"?>
<!-- Generated by org.testng.reporters.JUnitReportReporter -->
<testsuite hostname="TYSS-Deepak" failures="0" tests="2" name="com.nizna.hrm.api.projecttest.EmployeTest" time="2.636" errors="0" timestamp="2024-06-14T19:35:11 IST" skipped="0">
  <testcase classname="com.nizna.hrm.api.projecttest.EmployeTest" name="addEmployeeTest" time="2.491"/>
  <testcase classname="com.nizna.hrm.api.projecttest.EmployeTest" name="addEmployeeWithOutEmailTest" time="0.145"/>
</testsuite> <!-- com.nizna.hrm.api.projecttest.EmployeTest -->
