<?xml version="1.0" encoding="UTF-8"?>
<!-- Generated by org.testng.reporters.JUnitReportReporter -->
<testsuite hostname="TYSS-Deepak" failures="0" tests="2" name="com.nizna.hrm.api.employetest.ProjectTest" time="1.867" errors="0" timestamp="2024-06-14T19:35:11 IST" skipped="0">
  <testcase classname="com.nizna.hrm.api.employetest.ProjectTest" name="createDuplicateProjectTest" time="0.047"/>
  <testcase classname="com.nizna.hrm.api.employetest.ProjectTest" name="addSingleProjectWithCreatedTest" time="1.820"/>
</testsuite> <!-- com.nizna.hrm.api.employetest.ProjectTest -->
